#
# A fatal error has been detected by the Java Runtime Environment:
#
#  SIGILL (0x4) at pc=0x00007fffadbb528e, pid=3823, tid=2059
#
# JRE version: Java(TM) SE Runtime Environment (8.0_60-b27) (build 1.8.0_60-b27)
# Java VM: Java HotSpot(TM) 64-Bit Server VM (25.60-b23 mixed mode bsd-amd64 compressed oops)
# Problematic frame:
# C  [AppKit+0x3a528e]  -[NSApplication _crashOnException:]+0x6d
#
# Failed to write core dump. Core dumps have been disabled. To enable core dumping, try "ulimit -c unlimited" before starting Java again
#
# If you would like to submit a bug report, please visit:
#   http://bugreport.java.com/bugreport/crash.jsp
# The crash happened outside the Java Virtual Machine in native code.
# See problematic frame for where to report the bug.
#

---------------  T H R E A D  ---------------

Current thread (0x00007fb036129000):  JavaThread "AppKit Thread" daemon [_thread_in_native, id=2059, stack(0x00007fff50f23000,0x00007fff51723000)]

siginfo: si_signo: 4 (SIGILL), si_code: 1 (ILL_ILLOPC), si_addr: 0x00007fffadbb528e

Registers:
RAX=0x00007fb035958a00, RBX=0x00007fb03a434d30, RCX=0x0000000000000001, RDX=0x0000000000000000
RSP=0x00007fff5171c110, RBP=0x00007fff5171c120, RSI=0x00000000000024ca, RDI=0x00007fb034728b30
R8 =0x0000000008000100, R9 =0x0000000000000000, R10=0x00007fffca3fffb8, R11=0x00000000000027ff
R12=0x000000000000004f, R13=0x00007fffae38dff5, R14=0x00007fffc4309b40, R15=0x00007fffca400f80
RIP=0x00007fffadbb528e, EFLAGS=0x0000000000010202, ERR=0x0000000000000000
  TRAPNO=0x0000000000000006

Top of Stack: (sp=0x00007fff5171c110)
0x00007fff5171c110:   00007fb03a434a30 00007fffae38d9f2
0x00007fff5171c120:   00007fff5171c250 00007fffadc855ad
0x00007fff5171c130:   00007fb034440820 00007fffae38ddf1
0x00007fff5171c140:   00007fb03443e7a0 00007fb03a124b30
0x00007fff5171c150:   00007fb03a434d30 00007fb03a432d80
0x00007fff5171c160:   ffffffffffffffff 00007fff5171c1a0
0x00007fff5171c170:   00007fff5171c178 000000000000004f
0x00007fff5171c180:   0000000000000000 0000000000000000
0x00007fff5171c190:   0000000000000000 0000000000000000
0x00007fff5171c1a0:   00007fb03a437830 00007fb03a4378a0
0x00007fff5171c1b0:   00007fb03a438d40 00007fb03a437920
0x00007fff5171c1c0:   00007fb03a438dc0 00007fb03a438e40
0x00007fff5171c1d0:   00007fb03a438eb0 00007fb03a438f20
0x00007fff5171c1e0:   00007fb03a438fb0 00007fb03a439020
0x00007fff5171c1f0:   00007fb03a439090 00007fb03a439100
0x00007fff5171c200:   00007fb03a439170 00007fb03a4391d0
0x00007fff5171c210:   00007fb03a439230 00007fb03a4377b0
0x00007fff5171c220:   dcdbf5cf05b000b9 00007fff5171c250
0x00007fff5171c230:   00007fb03a437e40 00007fff5171c260
0x00007fff5171c240:   00007fb03a434d30 00007fb03443e7a0
0x00007fff5171c250:   00007fff5171c2a0 00007fffadbb51fc
0x00007fff5171c260:   6300000000040000 00007fff5171c260
0x00007fff5171c270:   dcdbf5cf05b000b9 00007fff5171c2b0
0x00007fff5171c280:   00007fff5171c2b0 0000000000000000
0x00007fff5171c290:   00007fff5171c2a0 00007fb03a434d30
0x00007fff5171c2a0:   00007fff5171c2d0 00007fffadc7ddd3
0x00007fff5171c2b0:   00007fff5171c660 0000000000000000
0x00007fff5171c2c0:   0000000000000001 00007fb03471e970
0x00007fff5171c2d0:   00007fff5171c5e0 00007fffaf138e9d
0x00007fff5171c2e0:   00007fb03471e970 00007fffaf138aea
0x00007fff5171c2f0:   00007fff5171c330 00007fb03a436288
0x00007fff5171c300:   0000000000000000 0000000000000003 

Instructions: (pc=0x00007fffadbb528e)
0x00007fffadbb526e:   48 89 c7 ff 15 f9 1d fe 1b 48 8b 35 b2 db 26 1c
0x00007fffadbb527e:   48 89 c7 ff 15 e9 1d fe 1b 48 89 05 9a 31 2d 1c
0x00007fffadbb528e:   0f 0b 48 89 c7 e8 7c 5c 72 00 31 ff 31 f6 31 c0
0x00007fffadbb529e:   e8 e3 c3 e2 ff e8 90 5c 72 00 48 89 c3 e8 7c 5c 

Register to memory mapping:

RAX=0x00007fb035958a00 is an unknown value
RBX=0x00007fb03a434d30 is an unknown value
RCX=0x0000000000000001 is an unknown value
RDX=0x0000000000000000 is an unknown value
RSP=0x00007fff5171c110 is pointing into the stack for thread: 0x00007fb036129000
RBP=0x00007fff5171c120 is pointing into the stack for thread: 0x00007fb036129000
RSI=0x00000000000024ca is an unknown value
RDI=0x00007fb034728b30 is an unknown value
R8 =0x0000000008000100 is an unknown value
R9 =0x0000000000000000 is an unknown value
R10=0x00007fffca3fffb8: OBJC_CLASS_$___NSCFString+0 in /System/Library/Frameworks/CoreFoundation.framework/Versions/A/CoreFoundation at 0x00007fffafb38000
R11=0x00000000000027ff is an unknown value
R12=0x000000000000004f is an unknown value
R13=0x00007fffae38dff5: __NSStyleNameIndexTable+0x6d308 in /System/Library/Frameworks/AppKit.framework/Versions/C/AppKit at 0x00007fffad810000
R14=0x00007fffc4309b40: objc_msgSend+0 in /usr/lib/libobjc.A.dylib at 0x00007fffc4303000
R15=0x00007fffca400f80: OBJC_CLASS_$_NSDictionary+0 in /System/Library/Frameworks/CoreFoundation.framework/Versions/A/CoreFoundation at 0x00007fffafb38000


Stack: [0x00007fff50f23000,0x00007fff51723000],  sp=0x00007fff5171c110,  free space=8164k
Native frames: (J=compiled Java code, j=interpreted, Vv=VM code, C=native code)
C  [AppKit+0x3a528e]  -[NSApplication _crashOnException:]+0x6d
C  [AppKit+0x4755ad]  -[NSApplication _showException:]+0x2e8
C  [AppKit+0x3a51fc]  -[NSApplication reportException:]+0x167
C  [AppKit+0x46ddd3]  uncaughtErrorProc+0x9e
C  [HIToolbox+0x8e9d]  _ZL23DispatchEventToHandlersP14EventTargetRecP14OpaqueEventRefP14HandlerCallRec+0x474
C  [HIToolbox+0x8346]  _ZL30SendEventToEventTargetInternalP14OpaqueEventRefP20OpaqueEventTargetRefP14HandlerCallRec+0x1ac
C  [HIToolbox+0x818f]  SendEventToEventTargetWithOptions+0x2b
C  [HIToolbox+0x5ef86]  SendTSMEvent_WithCompletionHandler+0x198
C  [HIToolbox+0x212378]  __SendTextInputEvent_WithCompletionHandler_block_invoke+0x248
C  [HIToolbox+0x210689]  SendTextInputEvent_WithCompletionHandler+0x482
C  [HIToolbox+0x281829]  -[IMKInputSession _postEvent:completionHandler:]+0xb0
C  [HIToolbox+0x291485]  -[IMKInputSession _copyUniCharsForRange:intoBuffer:ofLength:completionHandler:]+0x212
C  [HIToolbox+0x291c0e]  -[IMKInputSession _coreAttributesFromRange:whichAttributes:completionHandler:]+0x119
C  [HIToolbox+0x293bb0]  -[IMKInputSession attributedSubstringFromRange:completionHandler:]+0xba
C  [HIToolbox+0x2843ab]  __61-[IMKInputSession imkxpc_attributedSubstringFromRange:reply:]_block_invoke+0x212
C  [CoreFoundation+0xa73ac]  __CFRUNLOOP_IS_CALLING_OUT_TO_A_BLOCK__+0xc
C  [CoreFoundation+0x88424]  __CFRunLoopDoBlocks+0x164
C  [CoreFoundation+0x87f66]  __CFRunLoopRun+0x756
C  [CoreFoundation+0x875b4]  CFRunLoopRunSpecific+0x1a4
C  [HIToolbox+0x26b63e]  -[IMKInputSessionXPCInvocation invocationAwaitXPCReply]+0x25e
C  [HIToolbox+0x272b6a]  __49-[IMKInputSession handleEvent:completionHandler:]_block_invoke_2.479+0x6b8
C  [HIToolbox+0x271f88]  __49-[IMKInputSession handleEvent:completionHandler:]_block_invoke_2.438+0x236
C  [HIToolbox+0x256314]  -[IMKClient switchedInputMode:completionHandler:]+0x195
C  [HIToolbox+0x270e32]  -[IMKInputSession tryHandleEventSwitchedInputMode:eventWasHandled:continuationHandler:]+0x7a
C  [HIToolbox+0x271d2c]  __49-[IMKInputSession handleEvent:completionHandler:]_block_invoke.437+0xaa
C  [HIToolbox+0x271b6b]  __49-[IMKInputSession handleEvent:completionHandler:]_block_invoke+0x105
C  [HIToolbox+0x27dd3f]  -[IMKInputSession _eventIsOn:completionHandler:]+0x72e
C  [HIToolbox+0x2713e1]  -[IMKInputSession handleEvent:completionHandler:]+0x37a
C  [HIToolbox+0x221f10]  IMKInputSessionProcessEventRefWithCompletionHandler+0x78
C  [HIToolbox+0x2212c2]  InputMethodInstanceProcessEventRef_WithCompletionHandler+0x81
C  [HIToolbox+0x20fa1a]  __TSMEventToInputMethod_WithCompletionHandler_block_invoke+0x7c
C  [HIToolbox+0x2138a0]  __SendTSMDocumentLockEvent_WithCompletionHandler_block_invoke+0x5f
C  [HIToolbox+0x61f92]  ___ZL23DispatchEventToHandlersP14EventTargetRecP14OpaqueEventRefP14HandlerCallRec_block_invoke+0x6c
C  [AppKit+0x1dda4d]  -[NSTextInputContext handleTSMEvent:completionHandler:]+0xce2
C  [AppKit+0x1dccfd]  _NSTSMEventHandler+0x13f
C  [HIToolbox+0x90d5]  _ZL23DispatchEventToHandlersP14EventTargetRecP14OpaqueEventRefP14HandlerCallRec+0x6ac
C  [HIToolbox+0x8346]  _ZL30SendEventToEventTargetInternalP14OpaqueEventRefP20OpaqueEventTargetRefP14HandlerCallRec+0x1ac
C  [HIToolbox+0x818f]  SendEventToEventTargetWithOptions+0x2b
C  [HIToolbox+0x5ef86]  SendTSMEvent_WithCompletionHandler+0x198
C  [HIToolbox+0x20f951]  TrySendLockEvent_BeforeEventToInputMethod_WithContinuationHandler+0x15f
C  [HIToolbox+0x20f78e]  TSMEventToInputMethod_WithCompletionHandler+0x94
C  [HIToolbox+0x20f6da]  TSMEventToKeyboardInputMethod_WithCompletionHandler+0x7f
C  [HIToolbox+0x5e474]  TSMKeyEvent_WithCompletionHandler+0x248
C  [HIToolbox+0x5e1f3]  __TSMProcessRawKeyEventWithOptionsAndCompletionHandler_block_invoke_4+0xfb
C  [HIToolbox+0x5e020]  __TSMProcessRawKeyEventWithOptionsAndCompletionHandler_block_invoke_3+0x119
C  [HIToolbox+0x5dd36]  __TSMProcessRawKeyEventWithOptionsAndCompletionHandler_block_invoke_2+0x134
C  [HIToolbox+0x5da6d]  __TSMProcessRawKeyEventWithOptionsAndCompletionHandler_block_invoke+0x12c
C  [HIToolbox+0x5cfdd]  TSMProcessRawKeyEventWithOptionsAndCompletionHandler+0xe14
C  [AppKit+0x97df16]  __61-[NSTextInputContext _handleEvent:options:completionHandler:]_block_invoke.885+0x74
C  [AppKit+0x97d9c5]  __204-[NSTextInputContext tryTSMProcessRawKeyEvent_orSubstitution:dispatchCondition:setupForDispatch:furtherCondition:doubleSpaceSubstitutionCondition:doubleSpaceSubstitutionWork:dispatchTSMWork:continuation:]_block_invoke.817+0x79
C  [AppKit+0x97d82f]  -[NSTextInputContext tryTSMProcessRawKeyEvent_orSubstitution:dispatchCondition:setupForDispatch:furtherCondition:doubleSpaceSubstitutionCondition:doubleSpaceSubstitutionWork:dispatchTSMWork:continuation:]+0x11d
C  [AppKit+0x1db5fb]  -[NSTextInputContext _handleEvent:options:completionHandler:]+0x512
C  [AppKit+0x1db0ae]  -[NSTextInputContext handleEvent:]+0x6d
C  [AppKit+0x1dafb2]  -[NSView interpretKeyEvents:]+0xe8
C  [libawt_lwawt.dylib+0x4b99]  -[AWTView keyDown:]+0x55
C  [AppKit+0x8b67ec]  -[NSWindow(NSEventRouting) _reallySendEvent:isDelayedEvent:]+0xff6
C  [AppKit+0x8b542a]  -[NSWindow(NSEventRouting) sendEvent:]+0x21d
C  [libawt_lwawt.dylib+0x8a6b]  -[AWTWindow_Normal sendEvent:]+0x56
C  [AppKit+0x756a1c]  -[NSApplication(NSEvent) sendEvent:]+0x12a0
C  [libosxapp.dylib+0x232c]  -[NSApplicationAWT sendEvent:]+0x17a
C  [AppKit+0x3c009]  -[NSApplication run]+0x3ea
C  [libosxapp.dylib+0x214d]  +[NSApplicationAWT runAWTLoopWithApp:]+0x9c
C  [libawt_lwawt.dylib+0x44517]  -[AWTStarter starter:]+0x389
C  [Foundation+0x71f2a]  __NSThreadPerformPerform+0x146
C  [CoreFoundation+0xa7551]  __CFRUNLOOP_IS_CALLING_OUT_TO_A_SOURCE0_PERFORM_FUNCTION__+0x11
C  [CoreFoundation+0x886bd]  __CFRunLoopDoSources0+0x22d
C  [CoreFoundation+0x87bb6]  __CFRunLoopRun+0x3a6
C  [CoreFoundation+0x875b4]  CFRunLoopRunSpecific+0x1a4
C  [java+0x6463]  CreateExecutionEnvironment+0x367
C  [java+0x21ac]  JLI_Launch+0x7a0
C  [java+0x84c0]  main+0x65
C  [java+0x1a04]  start+0x34
C  0x0000000000000005


---------------  P R O C E S S  ---------------

Java Threads: ( => current thread )
  0x00007fb035bb5800 JavaThread "TimerQueue" daemon [_thread_blocked, id=68679, stack(0x000070000ddde000,0x000070000dede000)]
  0x00007fb035951800 JavaThread "Java2D Disposer" daemon [_thread_blocked, id=56079, stack(0x000070000db55000,0x000070000dc55000)]
  0x00007fb036002800 JavaThread "Java2D Queue Flusher" daemon [_thread_blocked, id=54023, stack(0x000070000da52000,0x000070000db52000)]
  0x00007fb03524e000 JavaThread "DestroyJavaVM" [_thread_blocked, id=7171, stack(0x000070000c91c000,0x000070000ca1c000)]
  0x00007fb03525d800 JavaThread "AWT-EventQueue-0" [_thread_in_native, id=46863, stack(0x000070000d94f000,0x000070000da4f000)]
  0x00007fb03610a000 JavaThread "AWT-Shutdown" [_thread_blocked, id=29727, stack(0x000070000d7c9000,0x000070000d8c9000)]
=>0x00007fb036129000 JavaThread "AppKit Thread" daemon [_thread_in_native, id=2059, stack(0x00007fff50f23000,0x00007fff51723000)]
  0x00007fb03505c800 JavaThread "Service Thread" daemon [_thread_blocked, id=18691, stack(0x000070000d540000,0x000070000d640000)]
  0x00007fb035031000 JavaThread "C1 CompilerThread2" daemon [_thread_blocked, id=18179, stack(0x000070000d43d000,0x000070000d53d000)]
  0x00007fb035030000 JavaThread "C2 CompilerThread1" daemon [_thread_blocked, id=17667, stack(0x000070000d33a000,0x000070000d43a000)]
  0x00007fb035026000 JavaThread "C2 CompilerThread0" daemon [_thread_blocked, id=17155, stack(0x000070000d237000,0x000070000d337000)]
  0x00007fb035025800 JavaThread "Signal Dispatcher" daemon [_thread_blocked, id=16643, stack(0x000070000d134000,0x000070000d234000)]
  0x00007fb035014800 JavaThread "Finalizer" daemon [_thread_blocked, id=12547, stack(0x000070000d031000,0x000070000d131000)]
  0x00007fb035014000 JavaThread "Reference Handler" daemon [_thread_blocked, id=12035, stack(0x000070000cf2e000,0x000070000d02e000)]

Other Threads:
  0x00007fb036043000 VMThread [stack: 0x000070000ce2b000,0x000070000cf2b000] [id=11523]
  0x00007fb035822800 WatcherThread [stack: 0x000070000d643000,0x000070000d743000] [id=19203]

VM state:not at safepoint (normal execution)

VM Mutex/Monitor currently owned by a thread: None

Heap:
 PSYoungGen      total 38400K, used 33079K [0x0000000795580000, 0x0000000798000000, 0x00000007c0000000)
  eden space 33280K, 99% used [0x0000000795580000,0x00000007975cdf10,0x0000000797600000)
  from space 5120K, 0% used [0x0000000797b00000,0x0000000797b00000,0x0000000798000000)
  to   space 5120K, 0% used [0x0000000797600000,0x0000000797600000,0x0000000797b00000)
 ParOldGen       total 87552K, used 0K [0x0000000740000000, 0x0000000745580000, 0x0000000795580000)
  object space 87552K, 0% used [0x0000000740000000,0x0000000740000000,0x0000000745580000)
 Metaspace       used 11265K, capacity 11436K, committed 11520K, reserved 1058816K
  class space    used 1406K, capacity 1485K, committed 1536K, reserved 1048576K

Card table byte_map: [0x0000000110149000,0x000000011054a000] byte_map_base: 0x000000010c749000

Marking Bits: (ParMarkBitMap*) 0x000000010f6dee20
 Begin Bits: [0x00000001107f5000, 0x00000001127f5000)
 End Bits:   [0x00000001127f5000, 0x00000001147f5000)

Polling page: 0x000000010e5b4000

CodeCache: size=245760Kb used=2565Kb max_used=2577Kb free=243194Kb
 bounds [0x0000000119045000, 0x00000001192d5000, 0x0000000128045000]
 total_blobs=1152 nmethods=641 adapters=425
 compilation: enabled

Compilation events (10 events):
Event: 3.717 Thread 0x00007fb035031000 nmethod 636 0x00000001192c5a90 code [0x00000001192c5c00, 0x00000001192c5d70]
Event: 3.718 Thread 0x00007fb035031000  637       3       sun.java2d.pipe.RenderQueue::ensureCapacity (16 bytes)
Event: 3.718 Thread 0x00007fb035031000 nmethod 637 0x00000001192c5dd0 code [0x00000001192c5f40, 0x00000001192c6288]
Event: 3.718 Thread 0x00007fb035031000  638       1       sun.java2d.pipe.RenderQueue::getBuffer (5 bytes)
Event: 3.718 Thread 0x00007fb035031000 nmethod 638 0x00000001192c6390 code [0x00000001192c64e0, 0x00000001192c65f0]
Event: 3.718 Thread 0x00007fb035031000  639       3       sun.java2d.SunGraphics2D::invalidatePipe (41 bytes)
Event: 3.718 Thread 0x00007fb035031000 nmethod 639 0x00000001192c6650 code [0x00000001192c67c0, 0x00000001192c69b0]
Event: 6.743 Thread 0x00007fb035031000  640       1       java.beans.PropertyChangeEvent::getNewValue (5 bytes)
Event: 6.743 Thread 0x00007fb035030000  641       4       java.lang.String::equals (81 bytes)
Event: 6.743 Thread 0x00007fb035031000 nmethod 640 0x00000001192c6a10 code [0x00000001192c6b60, 0x00000001192c6c70]

GC Heap History (0 events):
No events

Deoptimization events (6 events):
Event: 0.628 Thread 0x00007fb035960000 Uncommon trap: reason=unstable_if action=reinterpret pc=0x000000011922074c method=sun.awt.image.ImageRepresentation.getOpaqueRGBImage()Ljava/awt/image/BufferedImage; @ 57
Event: 0.684 Thread 0x00007fb035960000 Uncommon trap: reason=unstable_if action=reinterpret pc=0x000000011921fa30 method=sun.awt.image.ImageRepresentation.getOpaqueRGBImage()Ljava/awt/image/BufferedImage; @ 57
Event: 3.713 Thread 0x00007fb03525d800 Uncommon trap: reason=class_check action=maybe_recompile pc=0x00000001191ab998 method=java.lang.String.equals(Ljava/lang/Object;)Z @ 8
Event: 3.713 Thread 0x00007fb03525d800 Uncommon trap: reason=class_check action=maybe_recompile pc=0x00000001191ab998 method=java.lang.String.equals(Ljava/lang/Object;)Z @ 8
Event: 3.716 Thread 0x00007fb03525d800 Uncommon trap: reason=class_check action=maybe_recompile pc=0x00000001191ab998 method=java.lang.String.equals(Ljava/lang/Object;)Z @ 8
Event: 3.716 Thread 0x00007fb03525d800 Uncommon trap: reason=class_check action=maybe_recompile pc=0x00000001191ab998 method=java.lang.String.equals(Ljava/lang/Object;)Z @ 8

Internal exceptions (10 events):
Event: 0.102 Thread 0x00007fb036002800 Exception <a 'java/security/PrivilegedActionException'> (0x0000000795612a40) thrown at [/Users/java_re/workspace/8-2-build-macosx-x86_64/jdk8u60/4407/hotspot/src/share/vm/prims/jvm.cpp, line 1386]
Event: 0.102 Thread 0x00007fb036002800 Exception <a 'java/security/PrivilegedActionException'> (0x0000000795612c50) thrown at [/Users/java_re/workspace/8-2-build-macosx-x86_64/jdk8u60/4407/hotspot/src/share/vm/prims/jvm.cpp, line 1386]
Event: 0.161 Thread 0x00007fb036002800 Exception <a 'java/lang/NoSuchFieldError': method resolution failed> (0x0000000795848f88) thrown at [/Users/java_re/workspace/8-2-build-macosx-x86_64/jdk8u60/4407/hotspot/src/share/vm/prims/methodHandles.cpp, line 1146]
Event: 0.163 Thread 0x00007fb036002800 Exception <a 'java/lang/NoSuchFieldError': method resolution failed> (0x0000000795856758) thrown at [/Users/java_re/workspace/8-2-build-macosx-x86_64/jdk8u60/4407/hotspot/src/share/vm/prims/methodHandles.cpp, line 1146]
Event: 0.354 Thread 0x00007fb036002800 Exception <a 'java/io/FileNotFoundException'> (0x00000007958d17e8) thrown at [/Users/java_re/workspace/8-2-build-macosx-x86_64/jdk8u60/4407/hotspot/src/share/vm/prims/jni.cpp, line 709]
Event: 0.354 Thread 0x00007fb036002800 Exception <a 'java/io/FileNotFoundException'> (0x00000007958d2370) thrown at [/Users/java_re/workspace/8-2-build-macosx-x86_64/jdk8u60/4407/hotspot/src/share/vm/prims/jni.cpp, line 709]
Event: 0.380 Thread 0x00007fb03525d800 Exception <a 'java/io/FileNotFoundException'> (0x0000000795a22878) thrown at [/Users/java_re/workspace/8-2-build-macosx-x86_64/jdk8u60/4407/hotspot/src/share/vm/prims/jni.cpp, line 709]
Event: 0.489 Thread 0x00007fb03525d800 Exception <a 'java/io/FileNotFoundException'> (0x0000000795c17270) thrown at [/Users/java_re/workspace/8-2-build-macosx-x86_64/jdk8u60/4407/hotspot/src/share/vm/prims/jni.cpp, line 709]
Event: 0.714 Thread 0x00007fb03525d800 Exception <a 'java/io/FileNotFoundException'> (0x0000000795c54df8) thrown at [/Users/java_re/workspace/8-2-build-macosx-x86_64/jdk8u60/4407/hotspot/src/share/vm/prims/jni.cpp, line 709]
Event: 3.669 Thread 0x00007fb036129000 Exception <a 'java/lang/NullPointerException'> (0x00000007959c1e30) thrown at [/Users/java_re/workspace/8-2-build-macosx-x86_64/jdk8u60/4407/hotspot/src/share/vm/prims/jni.cpp, line 1318]

Events (10 events):
Event: 3.716 Thread 0x00007fb03525d800 DEOPT PACKING pc=0x00000001191ab998 sp=0x000070000da4bc60
Event: 3.716 Thread 0x00007fb03525d800 DEOPT UNPACKING pc=0x000000011904a229 sp=0x000070000da4bc00 mode 2
Event: 3.716 Thread 0x00007fb03525d800 Uncommon trap: trap_request=0xffffffde fr.pc=0x00000001191ab998
Event: 3.716 Thread 0x00007fb03525d800 DEOPT PACKING pc=0x00000001191ab998 sp=0x000070000da4bdd0
Event: 3.716 Thread 0x00007fb03525d800 DEOPT UNPACKING pc=0x000000011904a229 sp=0x000070000da4bd70 mode 2
Event: 4.114 Executing VM operation: EnableBiasedLocking
Event: 4.114 Executing VM operation: EnableBiasedLocking done
Event: 4.480 loading class java/awt/LightweightDispatcher$2
Event: 4.480 loading class java/awt/LightweightDispatcher$2 done
Event: 5.722 Thread 0x00007fb035960000 Thread exited: 0x00007fb035960000


Dynamic libraries:
0x000000003a9c3000 	/System/Library/Frameworks/Cocoa.framework/Versions/A/Cocoa
0x000000003a9c3000 	/System/Library/Frameworks/Security.framework/Versions/A/Security
0x000000003a9c3000 	/System/Library/Frameworks/ApplicationServices.framework/Versions/A/ApplicationServices
0x000000003a9c3000 	/usr/lib/libz.1.dylib
0x000000003a9c3000 	/usr/lib/libSystem.B.dylib
0x000000003a9c3000 	/usr/lib/libobjc.A.dylib
0x000000003a9c3000 	/System/Library/Frameworks/CoreFoundation.framework/Versions/A/CoreFoundation
0x000000003a9c3000 	/System/Library/Frameworks/Foundation.framework/Versions/C/Foundation
0x000000003a9c3000 	/System/Library/Frameworks/AppKit.framework/Versions/C/AppKit
0x000000003a9c3000 	/System/Library/Frameworks/CoreData.framework/Versions/A/CoreData
0x000000003a9c3000 	/System/Library/PrivateFrameworks/RemoteViewServices.framework/Versions/A/RemoteViewServices
0x000000003a9c3000 	/System/Library/PrivateFrameworks/UIFoundation.framework/Versions/A/UIFoundation
0x000000003a9c3000 	/usr/lib/libenergytrace.dylib
0x000000003a9c3000 	/System/Library/PrivateFrameworks/SkyLight.framework/Versions/A/SkyLight
0x000000003a9c3000 	/System/Library/Frameworks/CoreGraphics.framework/Versions/A/CoreGraphics
0x000000003a9c3000 	/usr/lib/libScreenReader.dylib
0x000000003a9c3000 	/System/Library/Frameworks/Accelerate.framework/Versions/A/Accelerate
0x000000003a9c3000 	/System/Library/Frameworks/IOSurface.framework/Versions/A/IOSurface
0x000000003a9c3000 	/System/Library/Frameworks/AudioToolbox.framework/Versions/A/AudioToolbox
0x000000003a9c3000 	/System/Library/Frameworks/AudioUnit.framework/Versions/A/AudioUnit
0x000000003a9c3000 	/System/Library/PrivateFrameworks/DataDetectorsCore.framework/Versions/A/DataDetectorsCore
0x000000003a9c3000 	/System/Library/PrivateFrameworks/DesktopServicesPriv.framework/Versions/A/DesktopServicesPriv
0x000000003a9c3000 	/System/Library/Frameworks/Carbon.framework/Versions/A/Frameworks/HIToolbox.framework/Versions/A/HIToolbox
0x000000003a9c3000 	/usr/lib/libicucore.A.dylib
0x000000003a9c3000 	/System/Library/Frameworks/QuartzCore.framework/Versions/A/QuartzCore
0x000000003a9c3000 	/System/Library/Frameworks/Carbon.framework/Versions/A/Frameworks/SpeechRecognition.framework/Versions/A/SpeechRecognition
0x000000003a9c3000 	/usr/lib/libauto.dylib
0x000000003a9c3000 	/usr/lib/libxml2.2.dylib
0x000000003a9c3000 	/System/Library/PrivateFrameworks/CoreUI.framework/Versions/A/CoreUI
0x000000003a9c3000 	/System/Library/Frameworks/CoreAudio.framework/Versions/A/CoreAudio
0x000000003a9c3000 	/System/Library/Frameworks/DiskArbitration.framework/Versions/A/DiskArbitration
0x000000003a9c3000 	/usr/lib/liblangid.dylib
0x000000003a9c3000 	/System/Library/PrivateFrameworks/MultitouchSupport.framework/Versions/A/MultitouchSupport
0x000000003a9c3000 	/System/Library/Frameworks/IOKit.framework/Versions/A/IOKit
0x000000003a9c3000 	/usr/lib/libDiagnosticMessagesClient.dylib
0x000000003a9c3000 	/System/Library/Frameworks/CoreServices.framework/Versions/A/CoreServices
0x000000003a9c3000 	/System/Library/PrivateFrameworks/PerformanceAnalysis.framework/Versions/A/PerformanceAnalysis
0x000000003a9c3000 	/System/Library/PrivateFrameworks/GenerationalStorage.framework/Versions/A/GenerationalStorage
0x000000003a9c3000 	/System/Library/Frameworks/OpenGL.framework/Versions/A/OpenGL
0x000000003a9c3000 	/System/Library/Frameworks/CoreImage.framework/Versions/A/CoreImage
0x000000003a9c3000 	/System/Library/Frameworks/CoreText.framework/Versions/A/CoreText
0x000000003a9c3000 	/System/Library/Frameworks/ImageIO.framework/Versions/A/ImageIO
0x000000003a9c3000 	/System/Library/PrivateFrameworks/Backup.framework/Versions/A/Backup
0x000000003a9c3000 	/usr/lib/libarchive.2.dylib
0x000000003a9c3000 	/System/Library/Frameworks/CFNetwork.framework/Versions/A/CFNetwork
0x000000003a9c3000 	/System/Library/Frameworks/SystemConfiguration.framework/Versions/A/SystemConfiguration
0x000000003a9c3000 	/usr/lib/libCRFSuite.dylib
0x000000003a9c3000 	/usr/lib/libc++.1.dylib
0x000000003a9c3000 	/usr/lib/libc++abi.dylib
0x000000003a9c3000 	/usr/lib/system/libcache.dylib
0x000000003a9c3000 	/usr/lib/system/libcommonCrypto.dylib
0x000000003a9c3000 	/usr/lib/system/libcompiler_rt.dylib
0x000000003a9c3000 	/usr/lib/system/libcopyfile.dylib
0x000000003a9c3000 	/usr/lib/system/libcorecrypto.dylib
0x000000003a9c3000 	/usr/lib/system/libdispatch.dylib
0x000000003a9c3000 	/usr/lib/system/libdyld.dylib
0x000000003a9c3000 	/usr/lib/system/libkeymgr.dylib
0x000000003a9c3000 	/usr/lib/system/liblaunch.dylib
0x000000003a9c3000 	/usr/lib/system/libmacho.dylib
0x000000003a9c3000 	/usr/lib/system/libquarantine.dylib
0x000000003a9c3000 	/usr/lib/system/libremovefile.dylib
0x000000003a9c3000 	/usr/lib/system/libsystem_asl.dylib
0x000000003a9c3000 	/usr/lib/system/libsystem_blocks.dylib
0x000000003a9c3000 	/usr/lib/system/libsystem_c.dylib
0x000000003a9c3000 	/usr/lib/system/libsystem_configuration.dylib
0x000000003a9c3000 	/usr/lib/system/libsystem_coreservices.dylib
0x000000003a9c3000 	/usr/lib/system/libsystem_coretls.dylib
0x000000003a9c3000 	/usr/lib/system/libsystem_dnssd.dylib
0x000000003a9c3000 	/usr/lib/system/libsystem_info.dylib
0x000000003a9c3000 	/usr/lib/system/libsystem_kernel.dylib
0x000000003a9c3000 	/usr/lib/system/libsystem_m.dylib
0x000000003a9c3000 	/usr/lib/system/libsystem_malloc.dylib
0x000000003a9c3000 	/usr/lib/system/libsystem_network.dylib
0x000000003a9c3000 	/usr/lib/system/libsystem_networkextension.dylib
0x000000003a9c3000 	/usr/lib/system/libsystem_notify.dylib
0x000000003a9c3000 	/usr/lib/system/libsystem_platform.dylib
0x000000003a9c3000 	/usr/lib/system/libsystem_pthread.dylib
0x000000003a9c3000 	/usr/lib/system/libsystem_sandbox.dylib
0x000000003a9c3000 	/usr/lib/system/libsystem_secinit.dylib
0x000000003a9c3000 	/usr/lib/system/libsystem_symptoms.dylib
0x000000003a9c3000 	/usr/lib/system/libsystem_trace.dylib
0x000000003a9c3000 	/usr/lib/system/libunwind.dylib
0x000000003a9c3000 	/usr/lib/system/libxpc.dylib
0x000000003a9c3000 	/usr/lib/libbsm.0.dylib
0x000000003a9c3000 	/usr/lib/system/libkxld.dylib
0x000000003a9c3000 	/usr/lib/libcoretls.dylib
0x000000003a9c3000 	/usr/lib/libcoretls_cfhelpers.dylib
0x000000003a9c3000 	/usr/lib/libxar.1.dylib
0x000000003a9c3000 	/usr/lib/libsqlite3.dylib
0x000000003a9c3000 	/usr/lib/libpam.2.dylib
0x000000003a9c3000 	/usr/lib/libOpenScriptingUtil.dylib
0x000000003a9c3000 	/usr/lib/libbz2.1.0.dylib
0x000000003a9c3000 	/usr/lib/liblzma.5.dylib
0x000000003a9c3000 	/usr/lib/libnetwork.dylib
0x000000003a9c3000 	/usr/lib/libpcap.A.dylib
0x000000003a9c3000 	/System/Library/Frameworks/CoreServices.framework/Versions/A/Frameworks/FSEvents.framework/Versions/A/FSEvents
0x000000003a9c3000 	/System/Library/Frameworks/CoreServices.framework/Versions/A/Frameworks/CarbonCore.framework/Versions/A/CarbonCore
0x000000003a9c3000 	/System/Library/Frameworks/CoreServices.framework/Versions/A/Frameworks/Metadata.framework/Versions/A/Metadata
0x000000003a9c3000 	/System/Library/Frameworks/CoreServices.framework/Versions/A/Frameworks/OSServices.framework/Versions/A/OSServices
0x000000003a9c3000 	/System/Library/Frameworks/CoreServices.framework/Versions/A/Frameworks/SearchKit.framework/Versions/A/SearchKit
0x000000003a9c3000 	/System/Library/Frameworks/CoreServices.framework/Versions/A/Frameworks/AE.framework/Versions/A/AE
0x000000003a9c3000 	/System/Library/Frameworks/CoreServices.framework/Versions/A/Frameworks/LaunchServices.framework/Versions/A/LaunchServices
0x000000003a9c3000 	/System/Library/Frameworks/CoreServices.framework/Versions/A/Frameworks/DictionaryServices.framework/Versions/A/DictionaryServices
0x000000003a9c3000 	/System/Library/Frameworks/CoreServices.framework/Versions/A/Frameworks/SharedFileList.framework/Versions/A/SharedFileList
0x000000003a9c3000 	/System/Library/Frameworks/NetFS.framework/Versions/A/NetFS
0x000000003a9c3000 	/System/Library/PrivateFrameworks/NetAuth.framework/Versions/A/NetAuth
0x000000003a9c3000 	/System/Library/PrivateFrameworks/login.framework/Versions/A/Frameworks/loginsupport.framework/Versions/A/loginsupport
0x000000003a9c3000 	/System/Library/PrivateFrameworks/TCC.framework/Versions/A/TCC
0x000000003a9c3000 	/usr/lib/libmecabra.dylib
0x000000003a9c3000 	/System/Library/Frameworks/ApplicationServices.framework/Versions/A/Frameworks/ATS.framework/Versions/A/ATS
0x000000003a9c3000 	/System/Library/Frameworks/ApplicationServices.framework/Versions/A/Frameworks/ColorSync.framework/Versions/A/ColorSync
0x000000003a9c3000 	/System/Library/Frameworks/ApplicationServices.framework/Versions/A/Frameworks/HIServices.framework/Versions/A/HIServices
0x000000003a9c3000 	/System/Library/Frameworks/ApplicationServices.framework/Versions/A/Frameworks/LangAnalysis.framework/Versions/A/LangAnalysis
0x000000003a9c3000 	/System/Library/Frameworks/ApplicationServices.framework/Versions/A/Frameworks/PrintCore.framework/Versions/A/PrintCore
0x000000003a9c3000 	/System/Library/Frameworks/ApplicationServices.framework/Versions/A/Frameworks/QD.framework/Versions/A/QD
0x000000003a9c3000 	/System/Library/Frameworks/ApplicationServices.framework/Versions/A/Frameworks/SpeechSynthesis.framework/Versions/A/SpeechSynthesis
0x000000003a9c3000 	/System/Library/Frameworks/Accelerate.framework/Versions/A/Frameworks/vImage.framework/Versions/A/vImage
0x000000003a9c3000 	/System/Library/Frameworks/Accelerate.framework/Versions/A/Frameworks/vecLib.framework/Versions/A/vecLib
0x000000003a9c3000 	/System/Library/Frameworks/Accelerate.framework/Versions/A/Frameworks/vecLib.framework/Versions/A/libvDSP.dylib
0x000000003a9c3000 	/System/Library/Frameworks/Accelerate.framework/Versions/A/Frameworks/vecLib.framework/Versions/A/libBNNS.dylib
0x000000003a9c3000 	/System/Library/Frameworks/Accelerate.framework/Versions/A/Frameworks/vecLib.framework/Versions/A/libQuadrature.dylib
0x000000003a9c3000 	/System/Library/Frameworks/Accelerate.framework/Versions/A/Frameworks/vecLib.framework/Versions/A/libvMisc.dylib
0x000000003a9c3000 	/System/Library/Frameworks/Accelerate.framework/Versions/A/Frameworks/vecLib.framework/Versions/A/libLAPACK.dylib
0x000000003a9c3000 	/System/Library/Frameworks/Accelerate.framework/Versions/A/Frameworks/vecLib.framework/Versions/A/libBLAS.dylib
0x000000003a9c3000 	/System/Library/Frameworks/Accelerate.framework/Versions/A/Frameworks/vecLib.framework/Versions/A/libLinearAlgebra.dylib
0x000000003a9c3000 	/System/Library/Frameworks/Accelerate.framework/Versions/A/Frameworks/vecLib.framework/Versions/A/libSparseBLAS.dylib
0x000000003a9c3000 	/System/Library/Frameworks/ApplicationServices.framework/Versions/A/Frameworks/ATS.framework/Versions/A/Resources/libFontParser.dylib
0x000000003a9c3000 	/System/Library/Frameworks/ApplicationServices.framework/Versions/A/Frameworks/ATS.framework/Versions/A/Resources/libFontRegistry.dylib
0x000000003a9c3000 	/System/Library/Frameworks/ImageIO.framework/Versions/A/Resources/libJPEG.dylib
0x000000003a9c3000 	/System/Library/Frameworks/ImageIO.framework/Versions/A/Resources/libTIFF.dylib
0x000000003a9c3000 	/System/Library/Frameworks/ImageIO.framework/Versions/A/Resources/libPng.dylib
0x000000003a9c3000 	/System/Library/Frameworks/ImageIO.framework/Versions/A/Resources/libGIF.dylib
0x000000003a9c3000 	/System/Library/Frameworks/ImageIO.framework/Versions/A/Resources/libJP2.dylib
0x000000003a9c3000 	/System/Library/Frameworks/ImageIO.framework/Versions/A/Resources/libRadiance.dylib
0x000000003a9c3000 	/usr/lib/libcompression.dylib
0x000000003a9c3000 	/System/Library/PrivateFrameworks/AppleJPEG.framework/Versions/A/AppleJPEG
0x000000003a9c3000 	/usr/lib/libcups.2.dylib
0x000000003a9c3000 	/System/Library/Frameworks/Kerberos.framework/Versions/A/Kerberos
0x000000003a9c3000 	/System/Library/Frameworks/GSS.framework/Versions/A/GSS
0x000000003a9c3000 	/usr/lib/libresolv.9.dylib
0x000000003a9c3000 	/usr/lib/libiconv.2.dylib
0x000000003a9c3000 	/System/Library/PrivateFrameworks/Heimdal.framework/Versions/A/Heimdal
0x000000003a9c3000 	/usr/lib/libheimdal-asn1.dylib
0x000000003a9c3000 	/System/Library/Frameworks/OpenDirectory.framework/Versions/A/OpenDirectory
0x000000003a9c3000 	/System/Library/PrivateFrameworks/CommonAuth.framework/Versions/A/CommonAuth
0x000000003a9c3000 	/System/Library/Frameworks/OpenDirectory.framework/Versions/A/Frameworks/CFOpenDirectory.framework/Versions/A/CFOpenDirectory
0x000000003a9c3000 	/System/Library/Frameworks/SecurityFoundation.framework/Versions/A/SecurityFoundation
0x000000003a9c3000 	/System/Library/PrivateFrameworks/LanguageModeling.framework/Versions/A/LanguageModeling
0x000000003a9c3000 	/usr/lib/libmarisa.dylib
0x000000003a9c3000 	/usr/lib/libChineseTokenizer.dylib
0x000000003a9c3000 	/usr/lib/libcmph.dylib
0x000000003a9c3000 	/System/Library/PrivateFrameworks/CoreEmoji.framework/Versions/A/CoreEmoji
0x000000003a9c3000 	/System/Library/Frameworks/ServiceManagement.framework/Versions/A/ServiceManagement
0x000000003a9c3000 	/usr/lib/libxslt.1.dylib
0x000000003a9c3000 	/System/Library/Frameworks/Carbon.framework/Versions/A/Frameworks/Ink.framework/Versions/A/Ink
0x000000003a9c3000 	/System/Library/PrivateFrameworks/TextureIO.framework/Versions/A/TextureIO
0x000000003a9c3000 	/System/Library/Frameworks/Metal.framework/Versions/A/Metal
0x000000003a9c3000 	/usr/lib/libate.dylib
0x000000003a9c3000 	/System/Library/PrivateFrameworks/GPUCompiler.framework/libmetal_timestamp.dylib
0x000000003a9c3000 	/System/Library/Frameworks/OpenGL.framework/Versions/A/Libraries/libCoreFSCache.dylib
0x000000003a9c3000 	/System/Library/PrivateFrameworks/IOAccelerator.framework/Versions/A/IOAccelerator
0x000000003a9c3000 	/System/Library/Frameworks/CoreVideo.framework/Versions/A/CoreVideo
0x000000003a9c3000 	/usr/lib/libFosl_dynamic.dylib
0x000000003a9c3000 	/System/Library/PrivateFrameworks/MetalPerformanceShaders.framework/Versions/A/MetalPerformanceShaders
0x000000003a9c3000 	/System/Library/PrivateFrameworks/FaceCore.framework/Versions/A/FaceCore
0x000000003a9c3000 	/System/Library/Frameworks/OpenCL.framework/Versions/A/OpenCL
0x000000003a9c3000 	/System/Library/Frameworks/OpenGL.framework/Versions/A/Libraries/libGLU.dylib
0x000000003a9c3000 	/System/Library/Frameworks/OpenGL.framework/Versions/A/Libraries/libGFXShared.dylib
0x000000003a9c3000 	/System/Library/Frameworks/OpenGL.framework/Versions/A/Libraries/libGL.dylib
0x000000003a9c3000 	/System/Library/Frameworks/OpenGL.framework/Versions/A/Libraries/libGLImage.dylib
0x000000003a9c3000 	/System/Library/Frameworks/OpenGL.framework/Versions/A/Libraries/libCVMSPluginSupport.dylib
0x000000003a9c3000 	/System/Library/Frameworks/OpenGL.framework/Versions/A/Libraries/libCoreVMClient.dylib
0x000000003a9c3000 	/System/Library/PrivateFrameworks/CrashReporterSupport.framework/Versions/A/CrashReporterSupport
0x000000003a9c3000 	/System/Library/PrivateFrameworks/Sharing.framework/Versions/A/Sharing
0x000000003a9c3000 	/System/Library/PrivateFrameworks/IconServices.framework/Versions/A/IconServices
0x000000003a9c3000 	/System/Library/PrivateFrameworks/ProtocolBuffer.framework/Versions/A/ProtocolBuffer
0x000000003a9c3000 	/System/Library/PrivateFrameworks/Apple80211.framework/Versions/A/Apple80211
0x000000003a9c3000 	/System/Library/Frameworks/CoreWLAN.framework/Versions/A/CoreWLAN
0x000000003a9c3000 	/System/Library/PrivateFrameworks/CoreUtils.framework/Versions/A/CoreUtils
0x000000003a9c3000 	/System/Library/Frameworks/IOBluetooth.framework/Versions/A/IOBluetooth
0x000000003a9c3000 	/System/Library/PrivateFrameworks/CoreWiFi.framework/Versions/A/CoreWiFi
0x000000003a9c3000 	/System/Library/Frameworks/CoreBluetooth.framework/Versions/A/CoreBluetooth
0x000000003a9c3000 	/System/Library/Frameworks/CoreDisplay.framework/Versions/A/CoreDisplay
0x000000003a9c3000 	/System/Library/PrivateFrameworks/IOPresentment.framework/Versions/A/IOPresentment
0x000000003a9c3000 	/System/Library/PrivateFrameworks/DebugSymbols.framework/Versions/A/DebugSymbols
0x000000003a9c3000 	/System/Library/PrivateFrameworks/CoreSymbolication.framework/Versions/A/CoreSymbolication
0x000000003a9c3000 	/System/Library/PrivateFrameworks/Symbolication.framework/Versions/A/Symbolication
0x000000003a9c3000 	/System/Library/PrivateFrameworks/AppleFSCompression.framework/Versions/A/AppleFSCompression
0x000000003a9c3000 	/System/Library/PrivateFrameworks/SpeechRecognitionCore.framework/Versions/A/SpeechRecognitionCore
0x000000003a9c3000 	/System/Library/PrivateFrameworks/ChunkingLibrary.framework/Versions/A/ChunkingLibrary
0x000000010e52a000 	/System/Library/CoreServices/Encodings/libTraditionalChineseConverter.dylib
0x000000010ee00000 	/Library/Java/JavaVirtualMachines/jdk1.8.0_60.jdk/Contents/Home/jre/lib/server/libjvm.dylib
0x000000003a9c3000 	/usr/lib/libstdc++.6.dylib
0x000000010e571000 	/Library/Java/JavaVirtualMachines/jdk1.8.0_60.jdk/Contents/Home/jre/lib/libverify.dylib
0x000000010e57f000 	/Library/Java/JavaVirtualMachines/jdk1.8.0_60.jdk/Contents/Home/jre/lib/libjava.dylib
0x000000010e5be000 	/Library/Java/JavaVirtualMachines/jdk1.8.0_60.jdk/Contents/Home/jre/lib/libzip.dylib
0x00000001166c3000 	/System/Library/Frameworks/JavaVM.framework/Frameworks/JavaRuntimeSupport.framework/JavaRuntimeSupport
0x00000001166dd000 	/System/Library/Frameworks/JavaVM.framework/Versions/A/Frameworks/JavaNativeFoundation.framework/Versions/A/JavaNativeFoundation
0x000000010e5f0000 	/System/Library/Frameworks/JavaVM.framework/Versions/A/JavaVM
0x000000003a9c3000 	/System/Library/Frameworks/Carbon.framework/Versions/A/Carbon
0x00000001166f2000 	/System/Library/PrivateFrameworks/JavaLaunching.framework/Versions/A/JavaLaunching
0x000000003a9c3000 	/System/Library/Frameworks/Carbon.framework/Versions/A/Frameworks/CommonPanels.framework/Versions/A/CommonPanels
0x000000003a9c3000 	/System/Library/Frameworks/Carbon.framework/Versions/A/Frameworks/Help.framework/Versions/A/Help
0x000000003a9c3000 	/System/Library/Frameworks/Carbon.framework/Versions/A/Frameworks/ImageCapture.framework/Versions/A/ImageCapture
0x000000003a9c3000 	/System/Library/Frameworks/Carbon.framework/Versions/A/Frameworks/OpenScripting.framework/Versions/A/OpenScripting
0x000000003a9c3000 	/System/Library/Frameworks/Carbon.framework/Versions/A/Frameworks/Print.framework/Versions/A/Print
0x000000003a9c3000 	/System/Library/Frameworks/Carbon.framework/Versions/A/Frameworks/SecurityHI.framework/Versions/A/SecurityHI
0x0000000118011000 	/Library/Java/JavaVirtualMachines/jdk1.8.0_60.jdk/Contents/Home/jre/lib/libawt.dylib
0x00000001180b9000 	/Library/Java/JavaVirtualMachines/jdk1.8.0_60.jdk/Contents/Home/jre/lib/./libmlib_image.dylib
0x0000000118185000 	/Library/Java/JavaVirtualMachines/jdk1.8.0_60.jdk/Contents/Home/jre/lib/libawt_lwawt.dylib
0x000000011823a000 	/Library/Java/JavaVirtualMachines/jdk1.8.0_60.jdk/Contents/Home/jre/lib/./libosxapp.dylib
0x000000003a9c3000 	/System/Library/Frameworks/ExceptionHandling.framework/Versions/A/ExceptionHandling
0x000000003a9c3000 	/System/Library/PrivateFrameworks/CoreServicesInternal.framework/Versions/A/CoreServicesInternal
0x000000003a9c3000 	/System/Library/CoreServices/RawCamera.bundle/Contents/MacOS/RawCamera
0x000000003a9c3000 	/System/Library/Frameworks/Accelerate.framework/Versions/A/Frameworks/vImage.framework/Versions/A/Libraries/libCGInterfaces.dylib
0x000000003a9c3000 	/System/Library/Frameworks/ApplicationServices.framework/Versions/A/Frameworks/ATS.framework/Versions/A/Resources/libTrueTypeScaler.dylib
0x000000003a9c3000 	/System/Library/Frameworks/OpenGL.framework/Versions/A/Resources/GLEngine.bundle/GLEngine
0x000000003a9c3000 	/System/Library/Frameworks/OpenGL.framework/Versions/A/Libraries/libGLProgrammability.dylib
0x000000012939c000 	/System/Library/Extensions/AppleIntelBDWGraphicsGLDriver.bundle/Contents/MacOS/AppleIntelBDWGraphicsGLDriver
0x000000003a9c3000 	/System/Library/PrivateFrameworks/GPUSupport.framework/Versions/A/Libraries/libGPUSupportMercury.dylib
0x000000003a9c3000 	/System/Library/Frameworks/OpenGL.framework/Versions/A/Resources/GLRendererFloat.bundle/GLRendererFloat
0x000000003a9c3000 	/System/Library/Frameworks/OpenCL.framework/Versions/A/Libraries/libcldcpuengine.dylib
0x000000003a9c3000 	/usr/lib/libcrypto.0.9.8.dylib
0x000000003a9c3000 	/System/Library/PrivateFrameworks/TrustEvaluationAgent.framework/Versions/A/TrustEvaluationAgent
0x0000000129b16000 	/System/Library/Extensions/AppleIntelBDWGraphicsMTLDriver.bundle/Contents/MacOS/AppleIntelBDWGraphicsMTLDriver
0x000000003a9c3000 	/System/Library/PrivateFrameworks/FamilyControls.framework/Versions/A/FamilyControls
0x000000003a9c3000 	/System/Library/PrivateFrameworks/CommerceKit.framework/Versions/A/Frameworks/CommerceCore.framework/Versions/A/CommerceCore
0x000000003a9c3000 	/System/Library/PrivateFrameworks/SystemAdministration.framework/Versions/A/SystemAdministration
0x000000003a9c3000 	/System/Library/PrivateFrameworks/AppContainer.framework/Versions/A/AppContainer
0x000000003a9c3000 	/System/Library/PrivateFrameworks/SecCodeWrapper.framework/Versions/A/SecCodeWrapper
0x000000003a9c3000 	/System/Library/Frameworks/DirectoryService.framework/Versions/A/DirectoryService
0x000000003a9c3000 	/System/Library/PrivateFrameworks/DiskImages.framework/Versions/A/DiskImages
0x000000003a9c3000 	/System/Library/PrivateFrameworks/LoginUIKit.framework/Versions/A/Frameworks/LoginUICore.framework/Versions/A/LoginUICore
0x000000003a9c3000 	/usr/lib/libCoreStorage.dylib
0x000000003a9c3000 	/usr/lib/libcsfde.dylib
0x000000003a9c3000 	/usr/lib/libodfde.dylib
0x000000003a9c3000 	/System/Library/Frameworks/DiscRecording.framework/Versions/A/DiscRecording
0x000000003a9c3000 	/usr/lib/libcurl.4.dylib
0x000000003a9c3000 	/System/Library/PrivateFrameworks/MediaKit.framework/Versions/A/MediaKit
0x000000003a9c3000 	/System/Library/PrivateFrameworks/ProtectedCloudStorage.framework/Versions/A/ProtectedCloudStorage
0x000000003a9c3000 	/System/Library/PrivateFrameworks/EFILogin.framework/Versions/A/EFILogin
0x000000003a9c3000 	/usr/lib/libutil.dylib
0x000000003a9c3000 	/System/Library/Frameworks/LDAP.framework/Versions/A/LDAP
0x000000003a9c3000 	/usr/lib/libsasl2.2.dylib
0x000000003a9c3000 	/System/Library/PrivateFrameworks/CoreDaemon.framework/Versions/B/CoreDaemon
0x000000003a9c3000 	/System/Library/PrivateFrameworks/AppleSRP.framework/Versions/A/AppleSRP
0x000000003a9c3000 	/System/Library/PrivateFrameworks/APFS.framework/Versions/A/APFS
0x000000012b01f000 	/Library/Java/JavaVirtualMachines/jdk1.8.0_60.jdk/Contents/Home/jre/lib/libfontmanager.dylib
0x000000012b88d000 	/Library/Java/JavaVirtualMachines/jdk1.8.0_60.jdk/Contents/Home/jre/lib/libosxui.dylib
0x000000003a9c3000 	/System/Library/PrivateFrameworks/ViewBridge.framework/Versions/A/ViewBridge
0x000000003a9c3000 	/System/Library/PrivateFrameworks/XPCService.framework/Versions/A/XPCService
0x000000003a9c3000 	/System/Library/PrivateFrameworks/AppSandbox.framework/Versions/A/AppSandbox
0x000000003a9c3000 	/usr/lib/libsandbox.1.dylib
0x000000003a9c3000 	/usr/lib/libMatch.1.dylib
0x000000012f0d9000 	/Library/Java/JavaVirtualMachines/jdk1.8.0_60.jdk/Contents/Home/jre/lib/libnet.dylib
0x000000012ee62000 	/Library/Java/JavaVirtualMachines/jdk1.8.0_60.jdk/Contents/Home/jre/lib/libnio.dylib

VM Arguments:
jvm_args: -Dfile.encoding=UTF-8 
java_command: DBFinal.Login
java_class_path (initial): /Users/henrylu199612/Documents/workspace/jdbc_swing_GUI/bin:/Users/henrylu199612/Documents/workspace/jdbc_swing_GUI/jgoodies-forms-1.8.0.jar:/Users/henrylu199612/Desktop/mysql-connector-java-5.1.42-bin.jar:/Users/henrylu199612/Desktop/NCCU/mysql/jgoodies-common-1.8.1.jar
Launcher Type: SUN_STANDARD

Environment Variables:
PATH=/usr/bin:/bin:/usr/sbin:/sbin
SHELL=/bin/bash

Signal Handlers:
SIGSEGV: [libjvm.dylib+0x5a6d31], sa_mask[0]=11111111011111110111111111111111, sa_flags=SA_ONSTACK|SA_RESTART|SA_SIGINFO
SIGBUS: [libjvm.dylib+0x5a6d31], sa_mask[0]=11111111011111110111111111111111, sa_flags=SA_RESTART|SA_SIGINFO
SIGFPE: [libjvm.dylib+0x480a4c], sa_mask[0]=11111111011111110111111111111111, sa_flags=SA_RESTART|SA_SIGINFO
SIGPIPE: [libjvm.dylib+0x480a4c], sa_mask[0]=11111111011111110111111111111111, sa_flags=SA_RESTART|SA_SIGINFO
SIGXFSZ: [libjvm.dylib+0x480a4c], sa_mask[0]=11111111011111110111111111111111, sa_flags=SA_RESTART|SA_SIGINFO
SIGILL: [libjvm.dylib+0x480a4c], sa_mask[0]=11111111011111110111111111111111, sa_flags=SA_RESTART|SA_SIGINFO
SIGUSR1: SIG_DFL, sa_mask[0]=00000000000000000000000000000000, sa_flags=none
SIGUSR2: [libjvm.dylib+0x48056a], sa_mask[0]=00100000000000000000000000000000, sa_flags=SA_RESTART|SA_SIGINFO
SIGHUP: [libjvm.dylib+0x47eb41], sa_mask[0]=11111111011111110111111111111111, sa_flags=SA_RESTART|SA_SIGINFO
SIGINT: [libjvm.dylib+0x47eb41], sa_mask[0]=11111111011111110111111111111111, sa_flags=SA_RESTART|SA_SIGINFO
SIGTERM: [libjvm.dylib+0x47eb41], sa_mask[0]=11111111011111110111111111111111, sa_flags=SA_RESTART|SA_SIGINFO
SIGQUIT: [libjvm.dylib+0x47eb41], sa_mask[0]=11111111011111110111111111111111, sa_flags=SA_RESTART|SA_SIGINFO


---------------  S Y S T E M  ---------------

OS:Bsduname:Darwin 16.0.0 Darwin Kernel Version 16.0.0: Mon Aug 29 17:56:20 PDT 2016; root:xnu-3789.1.32~3/RELEASE_X86_64 x86_64
rlimit: STACK 8192k, CORE 0k, NPROC 709, NOFILE 10240, AS infinity
load average:2.04 1.84 1.84

CPU:total 4 (2 cores per cpu, 2 threads per core) family 6 model 61 stepping 4, cmov, cx8, fxsr, mmx, sse, sse2, sse3, ssse3, sse4.1, sse4.2, popcnt, avx, avx2, aes, clmul, erms, 3dnowpref, lzcnt, ht, tsc, tscinvbit, bmi1, bmi2, adx

Memory: 4k page, physical 8388608k(23132k free)

/proc/meminfo:


vm_info: Java HotSpot(TM) 64-Bit Server VM (25.60-b23) for bsd-amd64 JRE (1.8.0_60-b27), built on Aug  4 2015 10:47:24 by "java_re" with gcc 4.2.1 (Based on Apple Inc. build 5658) (LLVM build 2336.11.00)

time: Wed Jun 14 02:17:02 2017
elapsed time: 6 seconds (0d 0h 0m 6s)

